0 info it worked if it ends with ok
1 verbose cli [ '/usr/bin/node', '/usr/bin/npm', 'install', 'node-supervisor' ]
2 info using npm@1.4.28
3 info using node@v0.10.33
4 verbose node symlink /usr/bin/node
5 warn package.json comma_separate_values@1.0.0 No README data
6 verbose readDependencies using package.json deps
7 verbose cache add [ 'node-supervisor', null ]
8 verbose cache add name=undefined spec="node-supervisor" args=["node-supervisor",null]
9 verbose parsed url { protocol: null,
9 verbose parsed url   slashes: null,
9 verbose parsed url   auth: null,
9 verbose parsed url   host: null,
9 verbose parsed url   port: null,
9 verbose parsed url   hostname: null,
9 verbose parsed url   hash: null,
9 verbose parsed url   search: null,
9 verbose parsed url   query: null,
9 verbose parsed url   pathname: 'node-supervisor',
9 verbose parsed url   path: 'node-supervisor',
9 verbose parsed url   href: 'node-supervisor' }
10 silly lockFile 4383d1ff-node-supervisor node-supervisor
11 verbose lock node-supervisor /home/adexe/.npm/4383d1ff-node-supervisor.lock
12 silly lockFile 4383d1ff-node-supervisor node-supervisor
13 silly lockFile 4383d1ff-node-supervisor node-supervisor
14 verbose addNamed [ 'node-supervisor', '' ]
15 verbose addNamed [ null, '*' ]
16 silly lockFile c16c024b-node-supervisor node-supervisor@
17 verbose lock node-supervisor@ /home/adexe/.npm/c16c024b-node-supervisor.lock
18 silly addNameRange { name: 'node-supervisor', range: '*', hasData: false }
19 verbose request where is /node-supervisor
20 verbose request registry https://registry.npmjs.org/
21 verbose request id 059fc5872a70f538
22 verbose url raw /node-supervisor
23 verbose url resolving [ 'https://registry.npmjs.org/', './node-supervisor' ]
24 verbose url resolved https://registry.npmjs.org/node-supervisor
25 verbose request where is https://registry.npmjs.org/node-supervisor
26 info trying registry request attempt 1 at 12:21:35
27 http GET https://registry.npmjs.org/node-supervisor
28 http 404 https://registry.npmjs.org/node-supervisor
29 verbose headers { date: 'Wed, 11 Mar 2015 12:21:35 GMT',
29 verbose headers   server: 'CouchDB/1.5.0 (Erlang OTP/R16B03)',
29 verbose headers   'content-type': 'application/json',
29 verbose headers   'cache-control': 'max-age=0',
29 verbose headers   'content-length': '52',
29 verbose headers   'accept-ranges': 'bytes',
29 verbose headers   via: '1.1 varnish',
29 verbose headers   age: '0',
29 verbose headers   'x-served-by': 'cache-lcy1128-LCY',
29 verbose headers   'x-cache': 'MISS',
29 verbose headers   'x-cache-hits': '0',
29 verbose headers   'x-timer': 'S1426076495.611011,VS0,VE163',
29 verbose headers   'keep-alive': 'timeout=10, max=50',
29 verbose headers   connection: 'Keep-Alive' }
30 silly registry.get cb [ 404,
30 silly registry.get   { date: 'Wed, 11 Mar 2015 12:21:35 GMT',
30 silly registry.get     server: 'CouchDB/1.5.0 (Erlang OTP/R16B03)',
30 silly registry.get     'content-type': 'application/json',
30 silly registry.get     'cache-control': 'max-age=0',
30 silly registry.get     'content-length': '52',
30 silly registry.get     'accept-ranges': 'bytes',
30 silly registry.get     via: '1.1 varnish',
30 silly registry.get     age: '0',
30 silly registry.get     'x-served-by': 'cache-lcy1128-LCY',
30 silly registry.get     'x-cache': 'MISS',
30 silly registry.get     'x-cache-hits': '0',
30 silly registry.get     'x-timer': 'S1426076495.611011,VS0,VE163',
30 silly registry.get     'keep-alive': 'timeout=10, max=50',
30 silly registry.get     connection: 'Keep-Alive' } ]
31 silly lockFile c16c024b-node-supervisor node-supervisor@
32 silly lockFile c16c024b-node-supervisor node-supervisor@
33 error 404 404 Not Found: node-supervisor
33 error 404
33 error 404 'node-supervisor' is not in the npm registry.
33 error 404 You should bug the author to publish it
33 error 404 It was specified as a dependency of 'comma_separate_values'
33 error 404
33 error 404 Maybe try 'npm search supervisor'
33 error 404
33 error 404 Note that you can also install from a
33 error 404 tarball, folder, or http url, or git url.
34 error System Linux 3.13.0-43-generic
35 error command "/usr/bin/node" "/usr/bin/npm" "install" "node-supervisor"
36 error cwd /home/adexe/Escritorio/Procesadores de Lenguajes/Pagina Web/coma_sep_value
37 error node -v v0.10.33
38 error npm -v 1.4.28
39 error code E404
40 verbose exit [ 1, true ]
